<?xml version="1.0" encoding="UTF-8"?>
<!-- Generated by org.testng.reporters.JUnitReportReporter -->
<testsuite skipped="0" hostname="Souradeep-PC" name="APITesting.Jira.API.App" tests="1" failures="0" timestamp="03 Apr 2019 21:32:23 GMT" time="9.276" errors="0">
  <testcase name="getPlaceAPI" time="9.276" classname="APITesting.Jira.API.App"/>
</testsuite> <!-- APITesting.Jira.API.App -->
